0 info it worked if it ends with ok
1 verbose cli [ '/home/dking/.nvm/versions/node/v6.4.0/bin/node',
1 verbose cli   '/home/dking/.nvm/versions/node/v6.4.0/bin/npm',
1 verbose cli   'version',
1 verbose cli   'patch' ]
2 info using npm@3.10.3
3 info using node@v6.4.0
4 info git [ 'status', '--porcelain' ]
5 verbose stack Error: Git working directory not clean.
5 verbose stack D cold-brew-rtc/.eslintrc
5 verbose stack D cold-brew-rtc/cold-brew-rtc.js
5 verbose stack D cold-brew-rtc/package.json
5 verbose stack D cold-brew/.eslintrc
5 verbose stack D cold-brew/cold-brew-test.js
5 verbose stack D cold-brew/docs/cold-brew-test.js.html
5 verbose stack D cold-brew/docs/fonts/OpenSans-Bold-webfont.eot
5 verbose stack D cold-brew/docs/fonts/OpenSans-Bold-webfont.svg
5 verbose stack D cold-brew/docs/fonts/OpenSans-Bold-webfont.woff
5 verbose stack D cold-brew/docs/fonts/OpenSans-BoldItalic-webfont.eot
5 verbose stack D cold-brew/docs/fonts/OpenSans-BoldItalic-webfont.svg
5 verbose stack D cold-brew/docs/fonts/OpenSans-BoldItalic-webfont.woff
5 verbose stack D cold-brew/docs/fonts/OpenSans-Italic-webfont.eot
5 verbose stack D cold-brew/docs/fonts/OpenSans-Italic-webfont.svg
5 verbose stack D cold-brew/docs/fonts/OpenSans-Italic-webfont.woff
5 verbose stack D cold-brew/docs/fonts/OpenSans-Light-webfont.eot
5 verbose stack D cold-brew/docs/fonts/OpenSans-Light-webfont.svg
5 verbose stack D cold-brew/docs/fonts/OpenSans-Light-webfont.woff
5 verbose stack D cold-brew/docs/fonts/OpenSans-LightItalic-webfont.eot
5 verbose stack D cold-brew/docs/fonts/OpenSans-LightItalic-webfont.svg
5 verbose stack D cold-brew/docs/fonts/OpenSans-LightItalic-webfont.woff
5 verbose stack D cold-brew/docs/fonts/OpenSans-Regular-webfont.eot
5 verbose stack D cold-brew/docs/fonts/OpenSans-Regular-webfont.svg
5 verbose stack D cold-brew/docs/fonts/OpenSans-Regular-webfont.woff
5 verbose stack D cold-brew/docs/global.html
5 verbose stack D cold-brew/docs/index.html
5 verbose stack D cold-brew/docs/scripts/linenumber.js
5 verbose stack D cold-brew/docs/scripts/prettify/Apache-License-2.0.txt
5 verbose stack D cold-brew/docs/scripts/prettify/lang-css.js
5 verbose stack D cold-brew/docs/scripts/prettify/prettify.js
5 verbose stack D cold-brew/docs/styles/jsdoc-default.css
5 verbose stack D cold-brew/docs/styles/prettify-jsdoc.css
5 verbose stack D cold-brew/docs/styles/prettify-tomorrow.css
5 verbose stack D cold-brew/package.json
5 verbose stack     at /home/dking/.nvm/versions/node/v6.4.0/lib/node_modules/npm/lib/version.js:247:19
5 verbose stack     at /home/dking/.nvm/versions/node/v6.4.0/lib/node_modules/npm/lib/utils/no-progress-while-running.js:21:8
5 verbose stack     at ChildProcess.exithandler (child_process.js:197:7)
5 verbose stack     at emitTwo (events.js:106:13)
5 verbose stack     at ChildProcess.emit (events.js:191:7)
5 verbose stack     at maybeClose (internal/child_process.js:852:16)
5 verbose stack     at Socket.<anonymous> (internal/child_process.js:323:11)
5 verbose stack     at emitOne (events.js:96:13)
5 verbose stack     at Socket.emit (events.js:188:7)
5 verbose stack     at Pipe._handle.close [as _onclose] (net.js:492:12)
6 verbose cwd /home/dking/Documents/Codesmith/team-jwd/cold-brew
7 error Linux 4.4.0-42-generic
8 error argv "/home/dking/.nvm/versions/node/v6.4.0/bin/node" "/home/dking/.nvm/versions/node/v6.4.0/bin/npm" "version" "patch"
9 error node v6.4.0
10 error npm  v3.10.3
11 error Git working directory not clean.
11 error D cold-brew-rtc/.eslintrc
11 error D cold-brew-rtc/cold-brew-rtc.js
11 error D cold-brew-rtc/package.json
11 error D cold-brew/.eslintrc
11 error D cold-brew/cold-brew-test.js
11 error D cold-brew/docs/cold-brew-test.js.html
11 error D cold-brew/docs/fonts/OpenSans-Bold-webfont.eot
11 error D cold-brew/docs/fonts/OpenSans-Bold-webfont.svg
11 error D cold-brew/docs/fonts/OpenSans-Bold-webfont.woff
11 error D cold-brew/docs/fonts/OpenSans-BoldItalic-webfont.eot
11 error D cold-brew/docs/fonts/OpenSans-BoldItalic-webfont.svg
11 error D cold-brew/docs/fonts/OpenSans-BoldItalic-webfont.woff
11 error D cold-brew/docs/fonts/OpenSans-Italic-webfont.eot
11 error D cold-brew/docs/fonts/OpenSans-Italic-webfont.svg
11 error D cold-brew/docs/fonts/OpenSans-Italic-webfont.woff
11 error D cold-brew/docs/fonts/OpenSans-Light-webfont.eot
11 error D cold-brew/docs/fonts/OpenSans-Light-webfont.svg
11 error D cold-brew/docs/fonts/OpenSans-Light-webfont.woff
11 error D cold-brew/docs/fonts/OpenSans-LightItalic-webfont.eot
11 error D cold-brew/docs/fonts/OpenSans-LightItalic-webfont.svg
11 error D cold-brew/docs/fonts/OpenSans-LightItalic-webfont.woff
11 error D cold-brew/docs/fonts/OpenSans-Regular-webfont.eot
11 error D cold-brew/docs/fonts/OpenSans-Regular-webfont.svg
11 error D cold-brew/docs/fonts/OpenSans-Regular-webfont.woff
11 error D cold-brew/docs/global.html
11 error D cold-brew/docs/index.html
11 error D cold-brew/docs/scripts/linenumber.js
11 error D cold-brew/docs/scripts/prettify/Apache-License-2.0.txt
11 error D cold-brew/docs/scripts/prettify/lang-css.js
11 error D cold-brew/docs/scripts/prettify/prettify.js
11 error D cold-brew/docs/styles/jsdoc-default.css
11 error D cold-brew/docs/styles/prettify-jsdoc.css
11 error D cold-brew/docs/styles/prettify-tomorrow.css
11 error D cold-brew/package.json
12 error If you need help, you may report this error at:
12 error     <https://github.com/npm/npm/issues>
13 verbose exit [ 1, true ]
